<?xml version="1.0" encoding="UTF-8"?>
<checkstyle version="8.33">
<file name="/Users/matthewxue/Desktop/UMN/Y3_S1/CSCI_3081W/project_iteration_2-team20/app/src/test/java/edu/umn/cs/csci3081w/project/model/CounterTest.java">
</file>
<file name="/Users/matthewxue/Desktop/UMN/Y3_S1/CSCI_3081W/project_iteration_2-team20/app/src/test/java/edu/umn/cs/csci3081w/project/model/PassengerLoaderTest.java">
</file>
<file name="/Users/matthewxue/Desktop/UMN/Y3_S1/CSCI_3081W/project_iteration_2-team20/app/src/test/java/edu/umn/cs/csci3081w/project/model/PassengerFactoryTest.java">
</file>
<file name="/Users/matthewxue/Desktop/UMN/Y3_S1/CSCI_3081W/project_iteration_2-team20/app/src/test/java/edu/umn/cs/csci3081w/project/model/RouteTest.java">
</file>
<file name="/Users/matthewxue/Desktop/UMN/Y3_S1/CSCI_3081W/project_iteration_2-team20/app/src/test/java/edu/umn/cs/csci3081w/project/model/TrainStrategiesTest.java">
<error line="7" column="1" severity="warning" message="Import statement for &apos;org.junit.jupiter.api.Assertions.*&apos; is in the wrong order. Should be in the &apos;STATIC&apos; group, expecting not assigned imports on this line." source="com.puppycrawl.tools.checkstyle.checks.imports.CustomImportOrderCheck"/>
<error line="7" column="47" severity="warning" message="Using the &apos;.*&apos; form of import should be avoided - org.junit.jupiter.api.Assertions.*." source="com.puppycrawl.tools.checkstyle.checks.imports.AvoidStarImportCheck"/>
</file>
<file name="/Users/matthewxue/Desktop/UMN/Y3_S1/CSCI_3081W/project_iteration_2-team20/app/src/test/java/edu/umn/cs/csci3081w/project/model/LineTest.java">
</file>
<file name="/Users/matthewxue/Desktop/UMN/Y3_S1/CSCI_3081W/project_iteration_2-team20/app/src/test/java/edu/umn/cs/csci3081w/project/model/TrainTest.java">
</file>
<file name="/Users/matthewxue/Desktop/UMN/Y3_S1/CSCI_3081W/project_iteration_2-team20/app/src/test/java/edu/umn/cs/csci3081w/project/model/BusTest.java">
</file>
<file name="/Users/matthewxue/Desktop/UMN/Y3_S1/CSCI_3081W/project_iteration_2-team20/app/src/test/java/edu/umn/cs/csci3081w/project/model/RandomPassengerGeneratorTest.java">
</file>
<file name="/Users/matthewxue/Desktop/UMN/Y3_S1/CSCI_3081W/project_iteration_2-team20/app/src/test/java/edu/umn/cs/csci3081w/project/model/PositionTest.java">
</file>
<file name="/Users/matthewxue/Desktop/UMN/Y3_S1/CSCI_3081W/project_iteration_2-team20/app/src/test/java/edu/umn/cs/csci3081w/project/model/StopTest.java">
</file>
<file name="/Users/matthewxue/Desktop/UMN/Y3_S1/CSCI_3081W/project_iteration_2-team20/app/src/test/java/edu/umn/cs/csci3081w/project/model/PassengerTest.java">
</file>
<file name="/Users/matthewxue/Desktop/UMN/Y3_S1/CSCI_3081W/project_iteration_2-team20/app/src/test/java/edu/umn/cs/csci3081w/project/model/C02ObserverTest.java">
<error line="6" column="1" severity="warning" message="Extra separation in import group before &apos;java.util.ArrayList&apos;" source="com.puppycrawl.tools.checkstyle.checks.imports.CustomImportOrderCheck"/>
<error line="6" column="1" severity="warning" message="Wrong lexicographical order for &apos;java.util.ArrayList&apos; import. Should be before &apos;org.junit.jupiter.api.Test&apos;." source="com.puppycrawl.tools.checkstyle.checks.imports.CustomImportOrderCheck"/>
<error line="7" column="1" severity="warning" message="Wrong lexicographical order for &apos;java.util.List&apos; import. Should be before &apos;org.junit.jupiter.api.Test&apos;." source="com.puppycrawl.tools.checkstyle.checks.imports.CustomImportOrderCheck"/>
<error line="9" column="1" severity="warning" message="Import statement for &apos;org.junit.jupiter.api.Assertions.assertEquals&apos; is in the wrong order. Should be in the &apos;STATIC&apos; group, expecting not assigned imports on this line." source="com.puppycrawl.tools.checkstyle.checks.imports.CustomImportOrderCheck"/>
<error line="71" column="9" severity="warning" message="Local variable name &apos;cO2_1&apos; must match pattern &apos;^[a-z]([a-z0-9][a-zA-Z0-9]*)?$&apos;." source="com.puppycrawl.tools.checkstyle.checks.naming.LocalVariableNameCheck"/>
<error line="75" column="9" severity="warning" message="Local variable name &apos;cO2_2&apos; must match pattern &apos;^[a-z]([a-z0-9][a-zA-Z0-9]*)?$&apos;." source="com.puppycrawl.tools.checkstyle.checks.naming.LocalVariableNameCheck"/>
<error line="80" column="9" severity="warning" message="Local variable name &apos;cO2_3&apos; must match pattern &apos;^[a-z]([a-z0-9][a-zA-Z0-9]*)?$&apos;." source="com.puppycrawl.tools.checkstyle.checks.naming.LocalVariableNameCheck"/>
<error line="85" column="9" severity="warning" message="Local variable name &apos;cO2_4&apos; must match pattern &apos;^[a-z]([a-z0-9][a-zA-Z0-9]*)?$&apos;." source="com.puppycrawl.tools.checkstyle.checks.naming.LocalVariableNameCheck"/>
<error line="90" column="9" severity="warning" message="Local variable name &apos;cO2_5&apos; must match pattern &apos;^[a-z]([a-z0-9][a-zA-Z0-9]*)?$&apos;." source="com.puppycrawl.tools.checkstyle.checks.naming.LocalVariableNameCheck"/>
</file>
<file name="/Users/matthewxue/Desktop/UMN/Y3_S1/CSCI_3081W/project_iteration_2-team20/app/src/test/java/edu/umn/cs/csci3081w/project/model/PassengerUnloaderTest.java">
</file>
<file name="/Users/matthewxue/Desktop/UMN/Y3_S1/CSCI_3081W/project_iteration_2-team20/app/src/test/java/edu/umn/cs/csci3081w/project/model/BusStrategiesTest.java">
<error line="4" column="1" severity="warning" message="Wrong lexicographical order for &apos;java.time.LocalTime&apos; import. Should be before &apos;org.junit.jupiter.api.Test&apos;." source="com.puppycrawl.tools.checkstyle.checks.imports.CustomImportOrderCheck"/>
<error line="5" column="1" severity="warning" message="Wrong lexicographical order for &apos;java.util.List&apos; import. Should be before &apos;org.junit.jupiter.api.Test&apos;." source="com.puppycrawl.tools.checkstyle.checks.imports.CustomImportOrderCheck"/>
<error line="6" column="1" severity="warning" message="Import statement for &apos;org.junit.jupiter.api.Assertions.*&apos; is in the wrong order. Should be in the &apos;STATIC&apos; group, expecting not assigned imports on this line." source="com.puppycrawl.tools.checkstyle.checks.imports.CustomImportOrderCheck"/>
<error line="6" column="47" severity="warning" message="Using the &apos;.*&apos; form of import should be avoided - org.junit.jupiter.api.Assertions.*." source="com.puppycrawl.tools.checkstyle.checks.imports.AvoidStarImportCheck"/>
</file>
<file name="/Users/matthewxue/Desktop/UMN/Y3_S1/CSCI_3081W/project_iteration_2-team20/app/src/test/java/edu/umn/cs/csci3081w/project/model/StorageFacilityTest.java">
</file>
</checkstyle>
